2018-12-17 10:37:05.388  INFO 4608 --- [restartedMain] c.a.e.EmployeePayrollServiceApplication  : Starting EmployeePayrollServiceApplication on MCS-PC with PID 4608 (started by MCS in E:\JAVA\workplaces\STS Project Workspace\employee-module)
2018-12-17 10:37:05.476  INFO 4608 --- [restartedMain] c.a.e.EmployeePayrollServiceApplication  : No active profile set, falling back to default profiles: default
2018-12-17 10:37:06.593  INFO 4608 --- [restartedMain] ConfigServletWebServerApplicationContext : Refreshing org.springframework.boot.web.servlet.context.AnnotationConfigServletWebServerApplicationContext@88748d: startup date [Mon Dec 17 10:37:06 IST 2018]; root of context hierarchy
2018-12-17 10:37:18.183  INFO 4608 --- [restartedMain] o.s.b.w.embedded.tomcat.TomcatWebServer  : Tomcat initialized with port(s): 2018 (http)
2018-12-17 10:37:18.421  INFO 4608 --- [restartedMain] o.apache.catalina.core.StandardService   : Starting service [Tomcat]
2018-12-17 10:37:18.423  INFO 4608 --- [restartedMain] org.apache.catalina.core.StandardEngine  : Starting Servlet Engine: Apache Tomcat/8.5.34
2018-12-17 10:37:18.452  INFO 4608 --- [localhost-startStop-1] o.a.catalina.core.AprLifecycleListener   : The APR based Apache Tomcat Native library which allows optimal performance in production environments was not found on the java.library.path: [C:\Program Files\Java\jdk1.8.0_112\bin;C:\Windows\Sun\Java\bin;C:\Windows\system32;C:\Windows;C:/Program Files/Java/jre1.8.0_112/bin/client;C:/Program Files/Java/jre1.8.0_112/bin;C:/Program Files/Java/jre1.8.0_112/lib/i386;C:\oraclexe\app\oracle\product\10.2.0\server\bin;C:\ProgramData\Oracle\Java\javapath;C:\Windows\system32;C:\Windows;C:\Windows\System32\Wbem;C:\Windows\System32\WindowsPowerShell\v1.0\;C:\Windows\IsmFiles;C:\Program Files\Java\jdk1.8.0_112\bin;C:\Program Files\nodejs\;C:\Users\MCS\AppData\Roaming\npm;C:\Users\MCS\AppData\Local\Programs\Microsoft VS Code\bin;E:\JAVA\java Software\sts\sts-bundle\sts-3.9.4.RELEASE;;.]
2018-12-17 10:37:18.998  INFO 4608 --- [localhost-startStop-1] o.a.c.c.C.[Tomcat].[localhost].[/]       : Initializing Spring embedded WebApplicationContext
2018-12-17 10:37:18.998  INFO 4608 --- [localhost-startStop-1] o.s.web.context.ContextLoader            : Root WebApplicationContext: initialization completed in 12405 ms
2018-12-17 10:37:19.305  INFO 4608 --- [localhost-startStop-1] o.s.b.w.servlet.ServletRegistrationBean  : Servlet dispatcherServlet mapped to [/]
2018-12-17 10:37:19.340  INFO 4608 --- [localhost-startStop-1] o.s.b.w.servlet.FilterRegistrationBean   : Mapping filter: 'characterEncodingFilter' to: [/*]
2018-12-17 10:37:19.341  INFO 4608 --- [localhost-startStop-1] o.s.b.w.servlet.FilterRegistrationBean   : Mapping filter: 'hiddenHttpMethodFilter' to: [/*]
2018-12-17 10:37:19.342  INFO 4608 --- [localhost-startStop-1] o.s.b.w.servlet.FilterRegistrationBean   : Mapping filter: 'httpPutFormContentFilter' to: [/*]
2018-12-17 10:37:19.343  INFO 4608 --- [localhost-startStop-1] o.s.b.w.servlet.FilterRegistrationBean   : Mapping filter: 'requestContextFilter' to: [/*]
2018-12-17 10:37:19.784  INFO 4608 --- [restartedMain] o.s.j.d.DriverManagerDataSource          : Loaded JDBC driver: com.mysql.jdbc.Driver
2018-12-17 10:37:32.248  INFO 4608 --- [restartedMain] o.s.ui.freemarker.SpringTemplateLoader   : SpringTemplateLoader for FreeMarker: using resource loader [org.springframework.boot.web.servlet.context.AnnotationConfigServletWebServerApplicationContext@88748d: startup date [Mon Dec 17 10:37:06 IST 2018]; root of context hierarchy] and template loader path [classpath:/templates/]
2018-12-17 10:37:32.259  INFO 4608 --- [restartedMain] o.s.w.s.v.f.FreeMarkerConfigurer         : ClassTemplateLoader for Spring macros added to FreeMarker configuration
2018-12-17 10:37:33.285  INFO 4608 --- [restartedMain] o.s.w.s.handler.SimpleUrlHandlerMapping  : Mapped URL path [/**/favicon.ico] onto handler of type [class org.springframework.web.servlet.resource.ResourceHttpRequestHandler]
2018-12-17 10:37:35.071  INFO 4608 --- [restartedMain] s.w.s.m.m.a.RequestMappingHandlerAdapter : Looking for @ControllerAdvice: org.springframework.boot.web.servlet.context.AnnotationConfigServletWebServerApplicationContext@88748d: startup date [Mon Dec 17 10:37:06 IST 2018]; root of context hierarchy
2018-12-17 10:37:36.746  WARN 4608 --- [restartedMain] aWebConfiguration$JpaWebMvcConfiguration : spring.jpa.open-in-view is enabled by default. Therefore, database queries may be performed during view rendering. Explicitly configure spring.jpa.open-in-view to disable this warning
2018-12-17 10:37:37.413  INFO 4608 --- [restartedMain] s.w.s.m.m.a.RequestMappingHandlerMapping : Mapped "{[/welcome_admin/insert],methods=[POST]}" onto public void com.alighthub.employeepayrollservice.controller.AdminController.RegisterCheck(com.alighthub.employeepayrollservice.model.AdminRegistration) throws java.lang.Exception
2018-12-17 10:37:37.419  INFO 4608 --- [restartedMain] s.w.s.m.m.a.RequestMappingHandlerMapping : Mapped "{[/welcome_admin/insertemployee],methods=[POST]}" onto public void com.alighthub.employeepayrollservice.controller.AdminController.employeeRegisterCheck(com.alighthub.employeepayrollservice.model.EmployeeRegistration) throws java.lang.Exception
2018-12-17 10:37:37.420  INFO 4608 --- [restartedMain] s.w.s.m.m.a.RequestMappingHandlerMapping : Mapped "{[/welcome_admin/postpdf/{id}],methods=[GET]}" onto public com.alighthub.employeepayrollservice.model.SalarySlipStructure com.alighthub.employeepayrollservice.controller.AdminController.employeeSalarySlip(int)
2018-12-17 10:37:37.422  INFO 4608 --- [restartedMain] s.w.s.m.m.a.RequestMappingHandlerMapping : Mapped "{[/clientonbording/getClintOnbordinData]}" onto public void com.alighthub.employeepayrollservice.controller.Client_OnbordingController.getClintOnbordinData(com.alighthub.employeepayrollservice.model.ClientOnbording)
2018-12-17 10:37:37.429  INFO 4608 --- [restartedMain] s.w.s.m.m.a.RequestMappingHandlerMapping : Mapped "{[/cwelcome/try1],methods=[GET]}" onto public java.lang.String com.alighthub.employeepayrollservice.controller.ClientController.try1()
2018-12-17 10:37:37.431  INFO 4608 --- [restartedMain] s.w.s.m.m.a.RequestMappingHandlerMapping : Mapped "{[/cwelcome/{client_id}],methods=[GET]}" onto public com.alighthub.employeepayrollservice.model.Client com.alighthub.employeepayrollservice.controller.ClientController.checkProfile(java.lang.Integer)
2018-12-17 10:37:37.432  INFO 4608 --- [restartedMain] s.w.s.m.m.a.RequestMappingHandlerMapping : Mapped "{[/cwelcome/getUsers/{client_id}],methods=[GET]}" onto public java.util.List<com.alighthub.employeepayrollservice.model.UserRegistration> com.alighthub.employeepayrollservice.controller.ClientController.getAllData(java.lang.Integer)
2018-12-17 10:37:37.440  INFO 4608 --- [restartedMain] s.w.s.m.m.a.RequestMappingHandlerMapping : Mapped "{[/employeeController/insertuserdata],methods=[POST]}" onto public boolean com.alighthub.employeepayrollservice.controller.EmployeeController.insertUserRegistrationData(com.alighthub.employeepayrollservice.model.UserRegistration)
2018-12-17 10:37:37.442  INFO 4608 --- [restartedMain] s.w.s.m.m.a.RequestMappingHandlerMapping : Mapped "{[/employeeController/sendDataforGenrateMontlySalary],methods=[POST]}" onto public void com.alighthub.employeepayrollservice.controller.EmployeeController.getDataforGenrateMontlySalary(com.alighthub.employeepayrollservice.model.MonthlySalaryGenrate)
2018-12-17 10:37:37.443  INFO 4608 --- [restartedMain] s.w.s.m.m.a.RequestMappingHandlerMapping : Mapped "{[/employeeController/getSalaryDetails],methods=[POST]}" onto public void com.alighthub.employeepayrollservice.controller.EmployeeController.getSalaryDetails(java.util.Set<java.lang.String>)
2018-12-17 10:37:37.445  INFO 4608 --- [restartedMain] s.w.s.m.m.a.RequestMappingHandlerMapping : Mapped "{[/employeeController/getEmployeeDetails/{employeeId}],methods=[GET]}" onto public com.alighthub.employeepayrollservice.model.EmployeeRegistration com.alighthub.employeepayrollservice.controller.EmployeeController.getEmployeeDetails(int)
2018-12-17 10:37:37.446  INFO 4608 --- [restartedMain] s.w.s.m.m.a.RequestMappingHandlerMapping : Mapped "{[/employeeController/getClientCompanyName],methods=[GET]}" onto public java.util.Set<java.lang.String> com.alighthub.employeepayrollservice.controller.EmployeeController.getClientCompanyNameList()
2018-12-17 10:37:37.449  INFO 4608 --- [restartedMain] s.w.s.m.m.a.RequestMappingHandlerMapping : Mapped "{[/loginController/],methods=[POST]}" onto public int com.alighthub.employeepayrollservice.controller.LoginController.LoginCheck(com.alighthub.employeepayrollservice.model.Login)
2018-12-17 10:37:37.458  INFO 4608 --- [restartedMain] s.w.s.m.m.a.RequestMappingHandlerMapping : Mapped "{[/user/userPersonalDetails/{userrid}],methods=[GET]}" onto public com.alighthub.employeepayrollservice.model.UserRegistration com.alighthub.employeepayrollservice.controller.UserController.getUserPersonalDetailsById(java.lang.Integer)
2018-12-17 10:37:37.460  INFO 4608 --- [restartedMain] s.w.s.m.m.a.RequestMappingHandlerMapping : Mapped "{[/user/userPayslip],methods=[POST]}" onto public com.alighthub.employeepayrollservice.model.MonthlySalaryGenrate com.alighthub.employeepayrollservice.controller.UserController.payslipdata(com.alighthub.employeepayrollservice.model.MonthlySalaryGenrate)
2018-12-17 10:37:37.461  INFO 4608 --- [restartedMain] s.w.s.m.m.a.RequestMappingHandlerMapping : Mapped "{[/user/confirmPassword/{oldPassword}],methods=[GET]}" onto public boolean com.alighthub.employeepayrollservice.controller.UserController.confirmPassword(java.lang.String)
2018-12-17 10:37:37.466  INFO 4608 --- [restartedMain] s.w.s.m.m.a.RequestMappingHandlerMapping : Mapped "{[/user/changepass],methods=[POST]}" onto public int com.alighthub.employeepayrollservice.controller.UserController.changepass(com.alighthub.employeepayrollservice.model.Login)
2018-12-17 10:37:37.478  INFO 4608 --- [restartedMain] s.w.s.m.m.a.RequestMappingHandlerMapping : Mapped "{[/error]}" onto public org.springframework.http.ResponseEntity<java.util.Map<java.lang.String, java.lang.Object>> org.springframework.boot.autoconfigure.web.servlet.error.BasicErrorController.error(javax.servlet.http.HttpServletRequest)
2018-12-17 10:37:37.480  INFO 4608 --- [restartedMain] s.w.s.m.m.a.RequestMappingHandlerMapping : Mapped "{[/error],produces=[text/html]}" onto public org.springframework.web.servlet.ModelAndView org.springframework.boot.autoconfigure.web.servlet.error.BasicErrorController.errorHtml(javax.servlet.http.HttpServletRequest,javax.servlet.http.HttpServletResponse)
2018-12-17 10:37:37.590  INFO 4608 --- [restartedMain] o.s.w.s.handler.SimpleUrlHandlerMapping  : Mapped URL path [/webjars/**] onto handler of type [class org.springframework.web.servlet.resource.ResourceHttpRequestHandler]
2018-12-17 10:37:37.591  INFO 4608 --- [restartedMain] o.s.w.s.handler.SimpleUrlHandlerMapping  : Mapped URL path [/**] onto handler of type [class org.springframework.web.servlet.resource.ResourceHttpRequestHandler]
2018-12-17 10:37:40.256  WARN 4608 --- [restartedMain] o.s.b.a.f.FreeMarkerAutoConfiguration    : Cannot find template location(s): [classpath:/templates/] (please add some templates, check your FreeMarker configuration, or set spring.freemarker.checkTemplateLocation=false)
2018-12-17 10:37:44.521  INFO 4608 --- [restartedMain] o.s.b.d.a.OptionalLiveReloadServer       : LiveReload server is running on port 35729
2018-12-17 10:37:44.944  INFO 4608 --- [restartedMain] o.s.j.e.a.AnnotationMBeanExporter        : Registering beans for JMX exposure on startup
2018-12-17 10:37:45.679  INFO 4608 --- [restartedMain] o.s.b.w.embedded.tomcat.TomcatWebServer  : Tomcat started on port(s): 2018 (http) with context path ''
2018-12-17 10:37:45.854  INFO 4608 --- [restartedMain] c.a.e.EmployeePayrollServiceApplication  : Started EmployeePayrollServiceApplication in 45.604 seconds (JVM running for 53.932)
2018-12-17 10:37:45.943  INFO 4608 --- [restartedMain] c.a.e.EmployeePayrollServiceApplication  : This is Info Msg
2018-12-17 10:37:45.944 ERROR 4608 --- [restartedMain] c.a.e.EmployeePayrollServiceApplication  : This is Error Msg
2018-12-17 10:37:45.946 ERROR 4608 --- [restartedMain] c.a.e.EmployeePayrollServiceApplication  : This is Fatal Msg
2018-12-17 10:37:45.946  WARN 4608 --- [restartedMain] c.a.e.EmployeePayrollServiceApplication  : This is Warnning Msg
2018-12-17 10:40:09.379  INFO 4608 --- [http-nio-2018-exec-1] o.a.c.c.C.[Tomcat].[localhost].[/]       : Initializing Spring FrameworkServlet 'dispatcherServlet'
2018-12-17 10:40:09.380  INFO 4608 --- [http-nio-2018-exec-1] o.s.web.servlet.DispatcherServlet        : FrameworkServlet 'dispatcherServlet': initialization started
2018-12-17 10:40:09.435  INFO 4608 --- [http-nio-2018-exec-1] o.s.web.servlet.DispatcherServlet        : FrameworkServlet 'dispatcherServlet': initialization completed in 54 ms
2018-12-17 10:41:34.401  INFO 4608 --- [Thread-6] ConfigServletWebServerApplicationContext : Closing org.springframework.boot.web.servlet.context.AnnotationConfigServletWebServerApplicationContext@88748d: startup date [Mon Dec 17 10:37:06 IST 2018]; root of context hierarchy
2018-12-17 10:41:34.409  INFO 4608 --- [Thread-6] o.s.j.e.a.AnnotationMBeanExporter        : Unregistering JMX-exposed beans on shutdown
2018-12-17 10:41:35.247  INFO 4608 --- [restartedMain] c.a.e.EmployeePayrollServiceApplication  : Starting EmployeePayrollServiceApplication on MCS-PC with PID 4608 (started by MCS in E:\JAVA\workplaces\STS Project Workspace\employee-module)
2018-12-17 10:41:35.249  INFO 4608 --- [restartedMain] c.a.e.EmployeePayrollServiceApplication  : No active profile set, falling back to default profiles: default
2018-12-17 10:41:35.256  INFO 4608 --- [restartedMain] ConfigServletWebServerApplicationContext : Refreshing org.springframework.boot.web.servlet.context.AnnotationConfigServletWebServerApplicationContext@87731d: startup date [Mon Dec 17 10:41:35 IST 2018]; root of context hierarchy
2018-12-17 10:41:37.864  INFO 4608 --- [restartedMain] o.s.b.w.embedded.tomcat.TomcatWebServer  : Tomcat initialized with port(s): 2018 (http)
2018-12-17 10:41:37.867  INFO 4608 --- [restartedMain] o.apache.catalina.core.StandardService   : Starting service [Tomcat]
2018-12-17 10:41:37.868  INFO 4608 --- [restartedMain] org.apache.catalina.core.StandardEngine  : Starting Servlet Engine: Apache Tomcat/8.5.34
2018-12-17 10:41:37.895  INFO 4608 --- [localhost-startStop-1] o.a.c.c.C.[Tomcat].[localhost].[/]       : Initializing Spring embedded WebApplicationContext
2018-12-17 10:41:37.897  INFO 4608 --- [localhost-startStop-1] o.s.web.context.ContextLoader            : Root WebApplicationContext: initialization completed in 2641 ms
2018-12-17 10:41:37.927  INFO 4608 --- [localhost-startStop-1] o.s.b.w.servlet.ServletRegistrationBean  : Servlet dispatcherServlet mapped to [/]
2018-12-17 10:41:37.928  INFO 4608 --- [localhost-startStop-1] o.s.b.w.servlet.FilterRegistrationBean   : Mapping filter: 'characterEncodingFilter' to: [/*]
2018-12-17 10:41:37.929  INFO 4608 --- [localhost-startStop-1] o.s.b.w.servlet.FilterRegistrationBean   : Mapping filter: 'hiddenHttpMethodFilter' to: [/*]
2018-12-17 10:41:37.929  INFO 4608 --- [localhost-startStop-1] o.s.b.w.servlet.FilterRegistrationBean   : Mapping filter: 'httpPutFormContentFilter' to: [/*]
2018-12-17 10:41:37.929  INFO 4608 --- [localhost-startStop-1] o.s.b.w.servlet.FilterRegistrationBean   : Mapping filter: 'requestContextFilter' to: [/*]
2018-12-17 10:41:38.013  INFO 4608 --- [restartedMain] o.s.j.d.DriverManagerDataSource          : Loaded JDBC driver: com.mysql.jdbc.Driver
2018-12-17 10:41:39.243  INFO 4608 --- [restartedMain] o.s.ui.freemarker.SpringTemplateLoader   : SpringTemplateLoader for FreeMarker: using resource loader [org.springframework.boot.web.servlet.context.AnnotationConfigServletWebServerApplicationContext@87731d: startup date [Mon Dec 17 10:41:35 IST 2018]; root of context hierarchy] and template loader path [classpath:/templates/]
2018-12-17 10:41:39.244  INFO 4608 --- [restartedMain] o.s.w.s.v.f.FreeMarkerConfigurer         : ClassTemplateLoader for Spring macros added to FreeMarker configuration
2018-12-17 10:41:39.490  INFO 4608 --- [restartedMain] o.s.w.s.handler.SimpleUrlHandlerMapping  : Mapped URL path [/**/favicon.ico] onto handler of type [class org.springframework.web.servlet.resource.ResourceHttpRequestHandler]
2018-12-17 10:41:39.744  INFO 4608 --- [restartedMain] s.w.s.m.m.a.RequestMappingHandlerAdapter : Looking for @ControllerAdvice: org.springframework.boot.web.servlet.context.AnnotationConfigServletWebServerApplicationContext@87731d: startup date [Mon Dec 17 10:41:35 IST 2018]; root of context hierarchy
2018-12-17 10:41:39.761  WARN 4608 --- [restartedMain] aWebConfiguration$JpaWebMvcConfiguration : spring.jpa.open-in-view is enabled by default. Therefore, database queries may be performed during view rendering. Explicitly configure spring.jpa.open-in-view to disable this warning
2018-12-17 10:41:39.785  INFO 4608 --- [restartedMain] s.w.s.m.m.a.RequestMappingHandlerMapping : Mapped "{[/welcome_admin/insert],methods=[POST]}" onto public void com.alighthub.employeepayrollservice.controller.AdminController.RegisterCheck(com.alighthub.employeepayrollservice.model.AdminRegistration) throws java.lang.Exception
2018-12-17 10:41:39.787  INFO 4608 --- [restartedMain] s.w.s.m.m.a.RequestMappingHandlerMapping : Mapped "{[/welcome_admin/insertemployee],methods=[POST]}" onto public void com.alighthub.employeepayrollservice.controller.AdminController.employeeRegisterCheck(com.alighthub.employeepayrollservice.model.EmployeeRegistration) throws java.lang.Exception
2018-12-17 10:41:39.789  INFO 4608 --- [restartedMain] s.w.s.m.m.a.RequestMappingHandlerMapping : Mapped "{[/welcome_admin/postpdf/{id}],methods=[GET]}" onto public com.alighthub.employeepayrollservice.model.SalarySlipStructure com.alighthub.employeepayrollservice.controller.AdminController.employeeSalarySlip(int)
2018-12-17 10:41:39.791  INFO 4608 --- [restartedMain] s.w.s.m.m.a.RequestMappingHandlerMapping : Mapped "{[/clientonbording/getClintOnbordinData]}" onto public void com.alighthub.employeepayrollservice.controller.Client_OnbordingController.getClintOnbordinData(com.alighthub.employeepayrollservice.model.ClientOnbording)
2018-12-17 10:41:39.795  INFO 4608 --- [restartedMain] s.w.s.m.m.a.RequestMappingHandlerMapping : Mapped "{[/cwelcome/try1],methods=[GET]}" onto public java.lang.String com.alighthub.employeepayrollservice.controller.ClientController.try1()
2018-12-17 10:41:39.797  INFO 4608 --- [restartedMain] s.w.s.m.m.a.RequestMappingHandlerMapping : Mapped "{[/cwelcome/{client_id}],methods=[GET]}" onto public com.alighthub.employeepayrollservice.model.Client com.alighthub.employeepayrollservice.controller.ClientController.checkProfile(java.lang.Integer)
2018-12-17 10:41:39.798  INFO 4608 --- [restartedMain] s.w.s.m.m.a.RequestMappingHandlerMapping : Mapped "{[/cwelcome/getUsers/{client_id}],methods=[GET]}" onto public java.util.List<com.alighthub.employeepayrollservice.model.UserRegistration> com.alighthub.employeepayrollservice.controller.ClientController.getAllData(java.lang.Integer)
2018-12-17 10:41:39.803  INFO 4608 --- [restartedMain] s.w.s.m.m.a.RequestMappingHandlerMapping : Mapped "{[/employeeController/insertuserdata],methods=[POST]}" onto public boolean com.alighthub.employeepayrollservice.controller.EmployeeController.insertUserRegistrationData(com.alighthub.employeepayrollservice.model.UserRegistration)
2018-12-17 10:41:39.805  INFO 4608 --- [restartedMain] s.w.s.m.m.a.RequestMappingHandlerMapping : Mapped "{[/employeeController/sendDataforGenrateMontlySalary],methods=[POST]}" onto public void com.alighthub.employeepayrollservice.controller.EmployeeController.getDataforGenrateMontlySalary(com.alighthub.employeepayrollservice.model.MonthlySalaryGenrate)
2018-12-17 10:41:39.806  INFO 4608 --- [restartedMain] s.w.s.m.m.a.RequestMappingHandlerMapping : Mapped "{[/employeeController/getSalaryDetails],methods=[POST]}" onto public void com.alighthub.employeepayrollservice.controller.EmployeeController.getSalaryDetails(java.util.Set<java.lang.String>)
2018-12-17 10:41:39.807  INFO 4608 --- [restartedMain] s.w.s.m.m.a.RequestMappingHandlerMapping : Mapped "{[/employeeController/getEmployeeDetails/{employeeId}],methods=[GET]}" onto public com.alighthub.employeepayrollservice.model.EmployeeRegistration com.alighthub.employeepayrollservice.controller.EmployeeController.getEmployeeDetails(int)
2018-12-17 10:41:39.809  INFO 4608 --- [restartedMain] s.w.s.m.m.a.RequestMappingHandlerMapping : Mapped "{[/employeeController/getClientCompanyName],methods=[GET]}" onto public java.util.Set<java.lang.String> com.alighthub.employeepayrollservice.controller.EmployeeController.getClientCompanyNameList()
2018-12-17 10:41:39.811  INFO 4608 --- [restartedMain] s.w.s.m.m.a.RequestMappingHandlerMapping : Mapped "{[/loginController/],methods=[POST]}" onto public int com.alighthub.employeepayrollservice.controller.LoginController.LoginCheck(com.alighthub.employeepayrollservice.model.Login)
2018-12-17 10:41:39.820  INFO 4608 --- [restartedMain] s.w.s.m.m.a.RequestMappingHandlerMapping : Mapped "{[/user/userPersonalDetails/{userrid}],methods=[GET]}" onto public com.alighthub.employeepayrollservice.model.UserRegistration com.alighthub.employeepayrollservice.controller.UserController.getUserPersonalDetailsById(java.lang.Integer)
2018-12-17 10:41:39.822  INFO 4608 --- [restartedMain] s.w.s.m.m.a.RequestMappingHandlerMapping : Mapped "{[/user/userPayslip],methods=[POST]}" onto public com.alighthub.employeepayrollservice.model.MonthlySalaryGenrate com.alighthub.employeepayrollservice.controller.UserController.payslipdata(com.alighthub.employeepayrollservice.model.MonthlySalaryGenrate)
2018-12-17 10:41:39.824  INFO 4608 --- [restartedMain] s.w.s.m.m.a.RequestMappingHandlerMapping : Mapped "{[/user/confirmPassword/{oldPassword}],methods=[GET]}" onto public boolean com.alighthub.employeepayrollservice.controller.UserController.confirmPassword(java.lang.String)
2018-12-17 10:41:39.827  INFO 4608 --- [restartedMain] s.w.s.m.m.a.RequestMappingHandlerMapping : Mapped "{[/user/changepass],methods=[POST]}" onto public int com.alighthub.employeepayrollservice.controller.UserController.changepass(com.alighthub.employeepayrollservice.model.Login)
2018-12-17 10:41:39.834  INFO 4608 --- [restartedMain] s.w.s.m.m.a.RequestMappingHandlerMapping : Mapped "{[/error]}" onto public org.springframework.http.ResponseEntity<java.util.Map<java.lang.String, java.lang.Object>> org.springframework.boot.autoconfigure.web.servlet.error.BasicErrorController.error(javax.servlet.http.HttpServletRequest)
2018-12-17 10:41:39.835  INFO 4608 --- [restartedMain] s.w.s.m.m.a.RequestMappingHandlerMapping : Mapped "{[/error],produces=[text/html]}" onto public org.springframework.web.servlet.ModelAndView org.springframework.boot.autoconfigure.web.servlet.error.BasicErrorController.errorHtml(javax.servlet.http.HttpServletRequest,javax.servlet.http.HttpServletResponse)
2018-12-17 10:41:39.870  INFO 4608 --- [restartedMain] o.s.w.s.handler.SimpleUrlHandlerMapping  : Mapped URL path [/webjars/**] onto handler of type [class org.springframework.web.servlet.resource.ResourceHttpRequestHandler]
2018-12-17 10:41:39.871  INFO 4608 --- [restartedMain] o.s.w.s.handler.SimpleUrlHandlerMapping  : Mapped URL path [/**] onto handler of type [class org.springframework.web.servlet.resource.ResourceHttpRequestHandler]
2018-12-17 10:41:40.022  WARN 4608 --- [restartedMain] o.s.b.a.f.FreeMarkerAutoConfiguration    : Cannot find template location(s): [classpath:/templates/] (please add some templates, check your FreeMarker configuration, or set spring.freemarker.checkTemplateLocation=false)
2018-12-17 10:41:40.113  INFO 4608 --- [restartedMain] o.s.b.d.a.OptionalLiveReloadServer       : LiveReload server is running on port 35729
2018-12-17 10:41:40.185  INFO 4608 --- [restartedMain] o.s.j.e.a.AnnotationMBeanExporter        : Registering beans for JMX exposure on startup
2018-12-17 10:41:40.217  INFO 4608 --- [restartedMain] o.s.b.w.embedded.tomcat.TomcatWebServer  : Tomcat started on port(s): 2018 (http) with context path ''
2018-12-17 10:41:40.220  INFO 4608 --- [restartedMain] c.a.e.EmployeePayrollServiceApplication  : Started EmployeePayrollServiceApplication in 5.094 seconds (JVM running for 288.302)
2018-12-17 10:41:40.231  INFO 4608 --- [restartedMain] .ConditionEvaluationDeltaLoggingListener : Condition evaluation unchanged
2018-12-17 10:41:40.232  INFO 4608 --- [restartedMain] c.a.e.EmployeePayrollServiceApplication  : This is Info Msg
2018-12-17 10:41:40.232 ERROR 4608 --- [restartedMain] c.a.e.EmployeePayrollServiceApplication  : This is Error Msg
2018-12-17 10:41:40.233 ERROR 4608 --- [restartedMain] c.a.e.EmployeePayrollServiceApplication  : This is Fatal Msg
2018-12-17 10:41:40.234  WARN 4608 --- [restartedMain] c.a.e.EmployeePayrollServiceApplication  : This is Warnning Msg
2018-12-17 10:42:05.908  INFO 4608 --- [Thread-10] ConfigServletWebServerApplicationContext : Closing org.springframework.boot.web.servlet.context.AnnotationConfigServletWebServerApplicationContext@87731d: startup date [Mon Dec 17 10:41:35 IST 2018]; root of context hierarchy
2018-12-17 10:42:05.917  INFO 4608 --- [Thread-10] o.s.j.e.a.AnnotationMBeanExporter        : Unregistering JMX-exposed beans on shutdown
2018-12-17 10:42:06.800  INFO 4608 --- [restartedMain] c.a.e.EmployeePayrollServiceApplication  : Starting EmployeePayrollServiceApplication on MCS-PC with PID 4608 (started by MCS in E:\JAVA\workplaces\STS Project Workspace\employee-module)
2018-12-17 10:42:06.806  INFO 4608 --- [restartedMain] c.a.e.EmployeePayrollServiceApplication  : No active profile set, falling back to default profiles: default
2018-12-17 10:42:06.812  INFO 4608 --- [restartedMain] ConfigServletWebServerApplicationContext : Refreshing org.springframework.boot.web.servlet.context.AnnotationConfigServletWebServerApplicationContext@54b61a: startup date [Mon Dec 17 10:42:06 IST 2018]; root of context hierarchy
2018-12-17 10:42:09.257  INFO 4608 --- [restartedMain] o.s.b.w.embedded.tomcat.TomcatWebServer  : Tomcat initialized with port(s): 2018 (http)
2018-12-17 10:42:09.259  INFO 4608 --- [restartedMain] o.apache.catalina.core.StandardService   : Starting service [Tomcat]
2018-12-17 10:42:09.260  INFO 4608 --- [restartedMain] org.apache.catalina.core.StandardEngine  : Starting Servlet Engine: Apache Tomcat/8.5.34
2018-12-17 10:42:09.285  INFO 4608 --- [localhost-startStop-1] o.a.c.c.C.[Tomcat].[localhost].[/]       : Initializing Spring embedded WebApplicationContext
2018-12-17 10:42:09.287  INFO 4608 --- [localhost-startStop-1] o.s.web.context.ContextLoader            : Root WebApplicationContext: initialization completed in 2475 ms
2018-12-17 10:42:09.311  INFO 4608 --- [localhost-startStop-1] o.s.b.w.servlet.ServletRegistrationBean  : Servlet dispatcherServlet mapped to [/]
2018-12-17 10:42:09.313  INFO 4608 --- [localhost-startStop-1] o.s.b.w.servlet.FilterRegistrationBean   : Mapping filter: 'characterEncodingFilter' to: [/*]
2018-12-17 10:42:09.313  INFO 4608 --- [localhost-startStop-1] o.s.b.w.servlet.FilterRegistrationBean   : Mapping filter: 'hiddenHttpMethodFilter' to: [/*]
2018-12-17 10:42:09.314  INFO 4608 --- [localhost-startStop-1] o.s.b.w.servlet.FilterRegistrationBean   : Mapping filter: 'httpPutFormContentFilter' to: [/*]
2018-12-17 10:42:09.314  INFO 4608 --- [localhost-startStop-1] o.s.b.w.servlet.FilterRegistrationBean   : Mapping filter: 'requestContextFilter' to: [/*]
2018-12-17 10:42:09.386  INFO 4608 --- [restartedMain] o.s.j.d.DriverManagerDataSource          : Loaded JDBC driver: com.mysql.jdbc.Driver
2018-12-17 10:42:10.146  INFO 4608 --- [restartedMain] o.s.ui.freemarker.SpringTemplateLoader   : SpringTemplateLoader for FreeMarker: using resource loader [org.springframework.boot.web.servlet.context.AnnotationConfigServletWebServerApplicationContext@54b61a: startup date [Mon Dec 17 10:42:06 IST 2018]; root of context hierarchy] and template loader path [classpath:/templates/]
2018-12-17 10:42:10.147  INFO 4608 --- [restartedMain] o.s.w.s.v.f.FreeMarkerConfigurer         : ClassTemplateLoader for Spring macros added to FreeMarker configuration
2018-12-17 10:42:10.267  INFO 4608 --- [restartedMain] o.s.w.s.handler.SimpleUrlHandlerMapping  : Mapped URL path [/**/favicon.ico] onto handler of type [class org.springframework.web.servlet.resource.ResourceHttpRequestHandler]
2018-12-17 10:42:10.364  INFO 4608 --- [restartedMain] s.w.s.m.m.a.RequestMappingHandlerAdapter : Looking for @ControllerAdvice: org.springframework.boot.web.servlet.context.AnnotationConfigServletWebServerApplicationContext@54b61a: startup date [Mon Dec 17 10:42:06 IST 2018]; root of context hierarchy
2018-12-17 10:42:10.399  WARN 4608 --- [restartedMain] aWebConfiguration$JpaWebMvcConfiguration : spring.jpa.open-in-view is enabled by default. Therefore, database queries may be performed during view rendering. Explicitly configure spring.jpa.open-in-view to disable this warning
2018-12-17 10:42:10.408  INFO 4608 --- [restartedMain] s.w.s.m.m.a.RequestMappingHandlerMapping : Mapped "{[/welcome_admin/insert],methods=[POST]}" onto public void com.alighthub.employeepayrollservice.controller.AdminController.RegisterCheck(com.alighthub.employeepayrollservice.model.AdminRegistration) throws java.lang.Exception
2018-12-17 10:42:10.409  INFO 4608 --- [restartedMain] s.w.s.m.m.a.RequestMappingHandlerMapping : Mapped "{[/welcome_admin/insertemployee],methods=[POST]}" onto public void com.alighthub.employeepayrollservice.controller.AdminController.employeeRegisterCheck(com.alighthub.employeepayrollservice.model.EmployeeRegistration) throws java.lang.Exception
2018-12-17 10:42:10.410  INFO 4608 --- [restartedMain] s.w.s.m.m.a.RequestMappingHandlerMapping : Mapped "{[/welcome_admin/postpdf/{id}],methods=[GET]}" onto public com.alighthub.employeepayrollservice.model.SalarySlipStructure com.alighthub.employeepayrollservice.controller.AdminController.employeeSalarySlip(int)
2018-12-17 10:42:10.411  INFO 4608 --- [restartedMain] s.w.s.m.m.a.RequestMappingHandlerMapping : Mapped "{[/clientonbording/getClintOnbordinData]}" onto public void com.alighthub.employeepayrollservice.controller.Client_OnbordingController.getClintOnbordinData(com.alighthub.employeepayrollservice.model.ClientOnbording)
2018-12-17 10:42:10.413  INFO 4608 --- [restartedMain] s.w.s.m.m.a.RequestMappingHandlerMapping : Mapped "{[/cwelcome/try1],methods=[GET]}" onto public java.lang.String com.alighthub.employeepayrollservice.controller.ClientController.try1()
2018-12-17 10:42:10.414  INFO 4608 --- [restartedMain] s.w.s.m.m.a.RequestMappingHandlerMapping : Mapped "{[/cwelcome/{client_id}],methods=[GET]}" onto public com.alighthub.employeepayrollservice.model.Client com.alighthub.employeepayrollservice.controller.ClientController.checkProfile(java.lang.Integer)
2018-12-17 10:42:10.415  INFO 4608 --- [restartedMain] s.w.s.m.m.a.RequestMappingHandlerMapping : Mapped "{[/cwelcome/getUsers/{client_id}],methods=[GET]}" onto public java.util.List<com.alighthub.employeepayrollservice.model.UserRegistration> com.alighthub.employeepayrollservice.controller.ClientController.getAllData(java.lang.Integer)
2018-12-17 10:42:10.417  INFO 4608 --- [restartedMain] s.w.s.m.m.a.RequestMappingHandlerMapping : Mapped "{[/employeeController/insertuserdata],methods=[POST]}" onto public boolean com.alighthub.employeepayrollservice.controller.EmployeeController.insertUserRegistrationData(com.alighthub.employeepayrollservice.model.UserRegistration)
2018-12-17 10:42:10.418  INFO 4608 --- [restartedMain] s.w.s.m.m.a.RequestMappingHandlerMapping : Mapped "{[/employeeController/sendDataforGenrateMontlySalary],methods=[POST]}" onto public void com.alighthub.employeepayrollservice.controller.EmployeeController.getDataforGenrateMontlySalary(com.alighthub.employeepayrollservice.model.MonthlySalaryGenrate)
2018-12-17 10:42:10.418  INFO 4608 --- [restartedMain] s.w.s.m.m.a.RequestMappingHandlerMapping : Mapped "{[/employeeController/getSalaryDetails],methods=[POST]}" onto public void com.alighthub.employeepayrollservice.controller.EmployeeController.getSalaryDetails(java.util.Set<java.lang.String>)
2018-12-17 10:42:10.419  INFO 4608 --- [restartedMain] s.w.s.m.m.a.RequestMappingHandlerMapping : Mapped "{[/employeeController/getEmployeeDetails/{employeeId}],methods=[GET]}" onto public com.alighthub.employeepayrollservice.model.EmployeeRegistration com.alighthub.employeepayrollservice.controller.EmployeeController.getEmployeeDetails(int)
2018-12-17 10:42:10.420  INFO 4608 --- [restartedMain] s.w.s.m.m.a.RequestMappingHandlerMapping : Mapped "{[/employeeController/getClientCompanyName],methods=[GET]}" onto public java.util.Set<java.lang.String> com.alighthub.employeepayrollservice.controller.EmployeeController.getClientCompanyNameList()
2018-12-17 10:42:10.421  INFO 4608 --- [restartedMain] s.w.s.m.m.a.RequestMappingHandlerMapping : Mapped "{[/loginController/],methods=[POST]}" onto public int com.alighthub.employeepayrollservice.controller.LoginController.LoginCheck(com.alighthub.employeepayrollservice.model.Login)
2018-12-17 10:42:10.426  INFO 4608 --- [restartedMain] s.w.s.m.m.a.RequestMappingHandlerMapping : Mapped "{[/user/userPersonalDetails/{userrid}],methods=[GET]}" onto public com.alighthub.employeepayrollservice.model.UserRegistration com.alighthub.employeepayrollservice.controller.UserController.getUserPersonalDetailsById(java.lang.Integer)
2018-12-17 10:42:10.426  INFO 4608 --- [restartedMain] s.w.s.m.m.a.RequestMappingHandlerMapping : Mapped "{[/user/userPayslip],methods=[POST]}" onto public com.alighthub.employeepayrollservice.model.MonthlySalaryGenrate com.alighthub.employeepayrollservice.controller.UserController.payslipdata(com.alighthub.employeepayrollservice.model.MonthlySalaryGenrate)
2018-12-17 10:42:10.427  INFO 4608 --- [restartedMain] s.w.s.m.m.a.RequestMappingHandlerMapping : Mapped "{[/user/confirmPassword/{oldPassword}],methods=[GET]}" onto public boolean com.alighthub.employeepayrollservice.controller.UserController.confirmPassword(java.lang.String)
2018-12-17 10:42:10.428  INFO 4608 --- [restartedMain] s.w.s.m.m.a.RequestMappingHandlerMapping : Mapped "{[/user/changepass],methods=[POST]}" onto public int com.alighthub.employeepayrollservice.controller.UserController.changepass(com.alighthub.employeepayrollservice.model.Login)
2018-12-17 10:42:10.431  INFO 4608 --- [restartedMain] s.w.s.m.m.a.RequestMappingHandlerMapping : Mapped "{[/error]}" onto public org.springframework.http.ResponseEntity<java.util.Map<java.lang.String, java.lang.Object>> org.springframework.boot.autoconfigure.web.servlet.error.BasicErrorController.error(javax.servlet.http.HttpServletRequest)
2018-12-17 10:42:10.431  INFO 4608 --- [restartedMain] s.w.s.m.m.a.RequestMappingHandlerMapping : Mapped "{[/error],produces=[text/html]}" onto public org.springframework.web.servlet.ModelAndView org.springframework.boot.autoconfigure.web.servlet.error.BasicErrorController.errorHtml(javax.servlet.http.HttpServletRequest,javax.servlet.http.HttpServletResponse)
2018-12-17 10:42:10.446  INFO 4608 --- [restartedMain] o.s.w.s.handler.SimpleUrlHandlerMapping  : Mapped URL path [/webjars/**] onto handler of type [class org.springframework.web.servlet.resource.ResourceHttpRequestHandler]
2018-12-17 10:42:10.446  INFO 4608 --- [restartedMain] o.s.w.s.handler.SimpleUrlHandlerMapping  : Mapped URL path [/**] onto handler of type [class org.springframework.web.servlet.resource.ResourceHttpRequestHandler]
2018-12-17 10:42:10.513  WARN 4608 --- [restartedMain] o.s.b.a.f.FreeMarkerAutoConfiguration    : Cannot find template location(s): [classpath:/templates/] (please add some templates, check your FreeMarker configuration, or set spring.freemarker.checkTemplateLocation=false)
2018-12-17 10:42:10.560  INFO 4608 --- [restartedMain] o.s.b.d.a.OptionalLiveReloadServer       : LiveReload server is running on port 35729
2018-12-17 10:42:10.589  INFO 4608 --- [restartedMain] o.s.j.e.a.AnnotationMBeanExporter        : Registering beans for JMX exposure on startup
2018-12-17 10:42:10.613  INFO 4608 --- [restartedMain] o.s.b.w.embedded.tomcat.TomcatWebServer  : Tomcat started on port(s): 2018 (http) with context path ''
2018-12-17 10:42:10.615  INFO 4608 --- [restartedMain] c.a.e.EmployeePayrollServiceApplication  : Started EmployeePayrollServiceApplication in 4.049 seconds (JVM running for 318.696)
2018-12-17 10:42:10.619  INFO 4608 --- [restartedMain] .ConditionEvaluationDeltaLoggingListener : Condition evaluation unchanged
2018-12-17 10:42:10.620  INFO 4608 --- [restartedMain] c.a.e.EmployeePayrollServiceApplication  : This is Info Msg
2018-12-17 10:42:10.620 ERROR 4608 --- [restartedMain] c.a.e.EmployeePayrollServiceApplication  : This is Error Msg
2018-12-17 10:42:10.620 ERROR 4608 --- [restartedMain] c.a.e.EmployeePayrollServiceApplication  : This is Fatal Msg
2018-12-17 10:42:10.620  WARN 4608 --- [restartedMain] c.a.e.EmployeePayrollServiceApplication  : This is Warnning Msg
2018-12-17 10:42:12.997  INFO 4608 --- [Thread-16] ConfigServletWebServerApplicationContext : Closing org.springframework.boot.web.servlet.context.AnnotationConfigServletWebServerApplicationContext@54b61a: startup date [Mon Dec 17 10:42:06 IST 2018]; root of context hierarchy
2018-12-17 10:42:13.001  INFO 4608 --- [Thread-16] o.s.j.e.a.AnnotationMBeanExporter        : Unregistering JMX-exposed beans on shutdown
2018-12-17 10:42:13.530  INFO 4608 --- [restartedMain] c.a.e.EmployeePayrollServiceApplication  : Starting EmployeePayrollServiceApplication on MCS-PC with PID 4608 (started by MCS in E:\JAVA\workplaces\STS Project Workspace\employee-module)
2018-12-17 10:42:13.531  INFO 4608 --- [restartedMain] c.a.e.EmployeePayrollServiceApplication  : No active profile set, falling back to default profiles: default
2018-12-17 10:42:13.537  INFO 4608 --- [restartedMain] ConfigServletWebServerApplicationContext : Refreshing org.springframework.boot.web.servlet.context.AnnotationConfigServletWebServerApplicationContext@b6e55c: startup date [Mon Dec 17 10:42:13 IST 2018]; root of context hierarchy
2018-12-17 10:42:15.884  INFO 4608 --- [restartedMain] o.s.b.w.embedded.tomcat.TomcatWebServer  : Tomcat initialized with port(s): 2018 (http)
2018-12-17 10:42:15.886  INFO 4608 --- [restartedMain] o.apache.catalina.core.StandardService   : Starting service [Tomcat]
2018-12-17 10:42:15.887  INFO 4608 --- [restartedMain] org.apache.catalina.core.StandardEngine  : Starting Servlet Engine: Apache Tomcat/8.5.34
2018-12-17 10:42:15.910  INFO 4608 --- [localhost-startStop-1] o.a.c.c.C.[Tomcat].[localhost].[/]       : Initializing Spring embedded WebApplicationContext
2018-12-17 10:42:15.911  INFO 4608 --- [localhost-startStop-1] o.s.web.context.ContextLoader            : Root WebApplicationContext: initialization completed in 2374 ms
2018-12-17 10:42:15.936  INFO 4608 --- [localhost-startStop-1] o.s.b.w.servlet.ServletRegistrationBean  : Servlet dispatcherServlet mapped to [/]
2018-12-17 10:42:15.937  INFO 4608 --- [localhost-startStop-1] o.s.b.w.servlet.FilterRegistrationBean   : Mapping filter: 'characterEncodingFilter' to: [/*]
2018-12-17 10:42:15.938  INFO 4608 --- [localhost-startStop-1] o.s.b.w.servlet.FilterRegistrationBean   : Mapping filter: 'hiddenHttpMethodFilter' to: [/*]
2018-12-17 10:42:15.938  INFO 4608 --- [localhost-startStop-1] o.s.b.w.servlet.FilterRegistrationBean   : Mapping filter: 'httpPutFormContentFilter' to: [/*]
2018-12-17 10:42:15.938  INFO 4608 --- [localhost-startStop-1] o.s.b.w.servlet.FilterRegistrationBean   : Mapping filter: 'requestContextFilter' to: [/*]
2018-12-17 10:42:15.994  INFO 4608 --- [restartedMain] o.s.j.d.DriverManagerDataSource          : Loaded JDBC driver: com.mysql.jdbc.Driver
2018-12-17 10:42:17.058  INFO 4608 --- [restartedMain] o.s.ui.freemarker.SpringTemplateLoader   : SpringTemplateLoader for FreeMarker: using resource loader [org.springframework.boot.web.servlet.context.AnnotationConfigServletWebServerApplicationContext@b6e55c: startup date [Mon Dec 17 10:42:13 IST 2018]; root of context hierarchy] and template loader path [classpath:/templates/]
2018-12-17 10:42:17.059  INFO 4608 --- [restartedMain] o.s.w.s.v.f.FreeMarkerConfigurer         : ClassTemplateLoader for Spring macros added to FreeMarker configuration
2018-12-17 10:42:17.247  INFO 4608 --- [restartedMain] o.s.w.s.handler.SimpleUrlHandlerMapping  : Mapped URL path [/**/favicon.ico] onto handler of type [class org.springframework.web.servlet.resource.ResourceHttpRequestHandler]
2018-12-17 10:42:17.359  INFO 4608 --- [restartedMain] s.w.s.m.m.a.RequestMappingHandlerAdapter : Looking for @ControllerAdvice: org.springframework.boot.web.servlet.context.AnnotationConfigServletWebServerApplicationContext@b6e55c: startup date [Mon Dec 17 10:42:13 IST 2018]; root of context hierarchy
2018-12-17 10:42:17.375  WARN 4608 --- [restartedMain] aWebConfiguration$JpaWebMvcConfiguration : spring.jpa.open-in-view is enabled by default. Therefore, database queries may be performed during view rendering. Explicitly configure spring.jpa.open-in-view to disable this warning
2018-12-17 10:42:17.390  INFO 4608 --- [restartedMain] s.w.s.m.m.a.RequestMappingHandlerMapping : Mapped "{[/welcome_admin/insert],methods=[POST]}" onto public void com.alighthub.employeepayrollservice.controller.AdminController.RegisterCheck(com.alighthub.employeepayrollservice.model.AdminRegistration) throws java.lang.Exception
2018-12-17 10:42:17.392  INFO 4608 --- [restartedMain] s.w.s.m.m.a.RequestMappingHandlerMapping : Mapped "{[/welcome_admin/insertemployee],methods=[POST]}" onto public void com.alighthub.employeepayrollservice.controller.AdminController.employeeRegisterCheck(com.alighthub.employeepayrollservice.model.EmployeeRegistration) throws java.lang.Exception
2018-12-17 10:42:17.394  INFO 4608 --- [restartedMain] s.w.s.m.m.a.RequestMappingHandlerMapping : Mapped "{[/welcome_admin/postpdf/{id}],methods=[GET]}" onto public com.alighthub.employeepayrollservice.model.SalarySlipStructure com.alighthub.employeepayrollservice.controller.AdminController.employeeSalarySlip(int)
2018-12-17 10:42:17.395  INFO 4608 --- [restartedMain] s.w.s.m.m.a.RequestMappingHandlerMapping : Mapped "{[/clientonbording/getClintOnbordinData]}" onto public void com.alighthub.employeepayrollservice.controller.Client_OnbordingController.getClintOnbordinData(com.alighthub.employeepayrollservice.model.ClientOnbording)
2018-12-17 10:42:17.398  INFO 4608 --- [restartedMain] s.w.s.m.m.a.RequestMappingHandlerMapping : Mapped "{[/cwelcome/try1],methods=[GET]}" onto public java.lang.String com.alighthub.employeepayrollservice.controller.ClientController.try1()
2018-12-17 10:42:17.399  INFO 4608 --- [restartedMain] s.w.s.m.m.a.RequestMappingHandlerMapping : Mapped "{[/cwelcome/{client_id}],methods=[GET]}" onto public com.alighthub.employeepayrollservice.model.Client com.alighthub.employeepayrollservice.controller.ClientController.checkProfile(java.lang.Integer)
2018-12-17 10:42:17.400  INFO 4608 --- [restartedMain] s.w.s.m.m.a.RequestMappingHandlerMapping : Mapped "{[/cwelcome/getUsers/{client_id}],methods=[GET]}" onto public java.util.List<com.alighthub.employeepayrollservice.model.UserRegistration> com.alighthub.employeepayrollservice.controller.ClientController.getAllData(java.lang.Integer)
2018-12-17 10:42:17.403  INFO 4608 --- [restartedMain] s.w.s.m.m.a.RequestMappingHandlerMapping : Mapped "{[/employeeController/insertuserdata],methods=[POST]}" onto public boolean com.alighthub.employeepayrollservice.controller.EmployeeController.insertUserRegistrationData(com.alighthub.employeepayrollservice.model.UserRegistration)
2018-12-17 10:42:17.404  INFO 4608 --- [restartedMain] s.w.s.m.m.a.RequestMappingHandlerMapping : Mapped "{[/employeeController/sendDataforGenrateMontlySalary],methods=[POST]}" onto public void com.alighthub.employeepayrollservice.controller.EmployeeController.getDataforGenrateMontlySalary(com.alighthub.employeepayrollservice.model.MonthlySalaryGenrate)
2018-12-17 10:42:17.405  INFO 4608 --- [restartedMain] s.w.s.m.m.a.RequestMappingHandlerMapping : Mapped "{[/employeeController/getSalaryDetails],methods=[POST]}" onto public void com.alighthub.employeepayrollservice.controller.EmployeeController.getSalaryDetails(java.util.Set<java.lang.String>)
2018-12-17 10:42:17.406  INFO 4608 --- [restartedMain] s.w.s.m.m.a.RequestMappingHandlerMapping : Mapped "{[/employeeController/getEmployeeDetails/{employeeId}],methods=[GET]}" onto public com.alighthub.employeepayrollservice.model.EmployeeRegistration com.alighthub.employeepayrollservice.controller.EmployeeController.getEmployeeDetails(int)
2018-12-17 10:42:17.407  INFO 4608 --- [restartedMain] s.w.s.m.m.a.RequestMappingHandlerMapping : Mapped "{[/employeeController/getClientCompanyName],methods=[GET]}" onto public java.util.Set<java.lang.String> com.alighthub.employeepayrollservice.controller.EmployeeController.getClientCompanyNameList()
2018-12-17 10:42:17.409  INFO 4608 --- [restartedMain] s.w.s.m.m.a.RequestMappingHandlerMapping : Mapped "{[/loginController/],methods=[POST]}" onto public int com.alighthub.employeepayrollservice.controller.LoginController.LoginCheck(com.alighthub.employeepayrollservice.model.Login)
2018-12-17 10:42:17.412  INFO 4608 --- [restartedMain] s.w.s.m.m.a.RequestMappingHandlerMapping : Mapped "{[/user/userPersonalDetails/{userrid}],methods=[GET]}" onto public com.alighthub.employeepayrollservice.model.UserRegistration com.alighthub.employeepayrollservice.controller.UserController.getUserPersonalDetailsById(java.lang.Integer)
2018-12-17 10:42:17.414  INFO 4608 --- [restartedMain] s.w.s.m.m.a.RequestMappingHandlerMapping : Mapped "{[/user/userPayslip],methods=[POST]}" onto public com.alighthub.employeepayrollservice.model.MonthlySalaryGenrate com.alighthub.employeepayrollservice.controller.UserController.payslipdata(com.alighthub.employeepayrollservice.model.MonthlySalaryGenrate)
2018-12-17 10:42:17.415  INFO 4608 --- [restartedMain] s.w.s.m.m.a.RequestMappingHandlerMapping : Mapped "{[/user/confirmPassword/{oldPassword}],methods=[GET]}" onto public boolean com.alighthub.employeepayrollservice.controller.UserController.confirmPassword(java.lang.String)
2018-12-17 10:42:17.416  INFO 4608 --- [restartedMain] s.w.s.m.m.a.RequestMappingHandlerMapping : Mapped "{[/user/changepass],methods=[POST]}" onto public int com.alighthub.employeepayrollservice.controller.UserController.changepass(com.alighthub.employeepayrollservice.model.Login)
2018-12-17 10:42:17.420  INFO 4608 --- [restartedMain] s.w.s.m.m.a.RequestMappingHandlerMapping : Mapped "{[/error]}" onto public org.springframework.http.ResponseEntity<java.util.Map<java.lang.String, java.lang.Object>> org.springframework.boot.autoconfigure.web.servlet.error.BasicErrorController.error(javax.servlet.http.HttpServletRequest)
2018-12-17 10:42:17.421  INFO 4608 --- [restartedMain] s.w.s.m.m.a.RequestMappingHandlerMapping : Mapped "{[/error],produces=[text/html]}" onto public org.springframework.web.servlet.ModelAndView org.springframework.boot.autoconfigure.web.servlet.error.BasicErrorController.errorHtml(javax.servlet.http.HttpServletRequest,javax.servlet.http.HttpServletResponse)
2018-12-17 10:42:17.446  INFO 4608 --- [restartedMain] o.s.w.s.handler.SimpleUrlHandlerMapping  : Mapped URL path [/webjars/**] onto handler of type [class org.springframework.web.servlet.resource.ResourceHttpRequestHandler]
2018-12-17 10:42:17.446  INFO 4608 --- [restartedMain] o.s.w.s.handler.SimpleUrlHandlerMapping  : Mapped URL path [/**] onto handler of type [class org.springframework.web.servlet.resource.ResourceHttpRequestHandler]
2018-12-17 10:42:17.576  WARN 4608 --- [restartedMain] o.s.b.a.f.FreeMarkerAutoConfiguration    : Cannot find template location(s): [classpath:/templates/] (please add some templates, check your FreeMarker configuration, or set spring.freemarker.checkTemplateLocation=false)
2018-12-17 10:42:17.641  INFO 4608 --- [restartedMain] o.s.b.d.a.OptionalLiveReloadServer       : LiveReload server is running on port 35729
2018-12-17 10:42:17.688  INFO 4608 --- [restartedMain] o.s.j.e.a.AnnotationMBeanExporter        : Registering beans for JMX exposure on startup
2018-12-17 10:42:17.713  INFO 4608 --- [restartedMain] o.s.b.w.embedded.tomcat.TomcatWebServer  : Tomcat started on port(s): 2018 (http) with context path ''
2018-12-17 10:42:17.715  INFO 4608 --- [restartedMain] c.a.e.EmployeePayrollServiceApplication  : Started EmployeePayrollServiceApplication in 4.251 seconds (JVM running for 325.797)
2018-12-17 10:42:17.719  INFO 4608 --- [restartedMain] .ConditionEvaluationDeltaLoggingListener : Condition evaluation unchanged
2018-12-17 10:42:17.720  INFO 4608 --- [restartedMain] c.a.e.EmployeePayrollServiceApplication  : This is Info Msg
2018-12-17 10:42:17.720 ERROR 4608 --- [restartedMain] c.a.e.EmployeePayrollServiceApplication  : This is Error Msg
2018-12-17 10:42:17.721 ERROR 4608 --- [restartedMain] c.a.e.EmployeePayrollServiceApplication  : This is Fatal Msg
2018-12-17 10:42:17.721  WARN 4608 --- [restartedMain] c.a.e.EmployeePayrollServiceApplication  : This is Warnning Msg
2018-12-17 10:42:24.907  INFO 4608 --- [http-nio-2018-exec-3] o.a.c.c.C.[Tomcat].[localhost].[/]       : Initializing Spring FrameworkServlet 'dispatcherServlet'
2018-12-17 10:42:24.910  INFO 4608 --- [http-nio-2018-exec-3] o.s.web.servlet.DispatcherServlet        : FrameworkServlet 'dispatcherServlet': initialization started
2018-12-17 10:42:24.933  INFO 4608 --- [http-nio-2018-exec-3] o.s.web.servlet.DispatcherServlet        : FrameworkServlet 'dispatcherServlet': initialization completed in 22 ms
2018-12-17 10:57:05.033  INFO 4608 --- [Thread-22] ConfigServletWebServerApplicationContext : Closing org.springframework.boot.web.servlet.context.AnnotationConfigServletWebServerApplicationContext@b6e55c: startup date [Mon Dec 17 10:42:13 IST 2018]; root of context hierarchy
2018-12-17 10:57:05.038  INFO 4608 --- [Thread-22] o.s.j.e.a.AnnotationMBeanExporter        : Unregistering JMX-exposed beans on shutdown
2018-12-17 10:57:05.739  INFO 4608 --- [restartedMain] c.a.e.EmployeePayrollServiceApplication  : Starting EmployeePayrollServiceApplication on MCS-PC with PID 4608 (started by MCS in E:\JAVA\workplaces\STS Project Workspace\employee-module)
2018-12-17 10:57:05.741  INFO 4608 --- [restartedMain] c.a.e.EmployeePayrollServiceApplication  : No active profile set, falling back to default profiles: default
2018-12-17 10:57:05.747  INFO 4608 --- [restartedMain] ConfigServletWebServerApplicationContext : Refreshing org.springframework.boot.web.servlet.context.AnnotationConfigServletWebServerApplicationContext@185837f: startup date [Mon Dec 17 10:57:05 IST 2018]; root of context hierarchy
2018-12-17 10:57:07.986  INFO 4608 --- [restartedMain] o.s.b.w.embedded.tomcat.TomcatWebServer  : Tomcat initialized with port(s): 2018 (http)
2018-12-17 10:57:07.988  INFO 4608 --- [restartedMain] o.apache.catalina.core.StandardService   : Starting service [Tomcat]
2018-12-17 10:57:07.989  INFO 4608 --- [restartedMain] org.apache.catalina.core.StandardEngine  : Starting Servlet Engine: Apache Tomcat/8.5.34
2018-12-17 10:57:08.023  INFO 4608 --- [localhost-startStop-1] o.a.c.c.C.[Tomcat].[localhost].[/]       : Initializing Spring embedded WebApplicationContext
2018-12-17 10:57:08.024  INFO 4608 --- [localhost-startStop-1] o.s.web.context.ContextLoader            : Root WebApplicationContext: initialization completed in 2277 ms
2018-12-17 10:57:08.053  INFO 4608 --- [localhost-startStop-1] o.s.b.w.servlet.ServletRegistrationBean  : Servlet dispatcherServlet mapped to [/]
2018-12-17 10:57:08.055  INFO 4608 --- [localhost-startStop-1] o.s.b.w.servlet.FilterRegistrationBean   : Mapping filter: 'characterEncodingFilter' to: [/*]
2018-12-17 10:57:08.055  INFO 4608 --- [localhost-startStop-1] o.s.b.w.servlet.FilterRegistrationBean   : Mapping filter: 'hiddenHttpMethodFilter' to: [/*]
2018-12-17 10:57:08.056  INFO 4608 --- [localhost-startStop-1] o.s.b.w.servlet.FilterRegistrationBean   : Mapping filter: 'httpPutFormContentFilter' to: [/*]
2018-12-17 10:57:08.056  INFO 4608 --- [localhost-startStop-1] o.s.b.w.servlet.FilterRegistrationBean   : Mapping filter: 'requestContextFilter' to: [/*]
2018-12-17 10:57:08.124  INFO 4608 --- [restartedMain] o.s.j.d.DriverManagerDataSource          : Loaded JDBC driver: com.mysql.jdbc.Driver
2018-12-17 10:57:09.255  INFO 4608 --- [restartedMain] o.s.ui.freemarker.SpringTemplateLoader   : SpringTemplateLoader for FreeMarker: using resource loader [org.springframework.boot.web.servlet.context.AnnotationConfigServletWebServerApplicationContext@185837f: startup date [Mon Dec 17 10:57:05 IST 2018]; root of context hierarchy] and template loader path [classpath:/templates/]
2018-12-17 10:57:09.256  INFO 4608 --- [restartedMain] o.s.w.s.v.f.FreeMarkerConfigurer         : ClassTemplateLoader for Spring macros added to FreeMarker configuration
2018-12-17 10:57:09.472  INFO 4608 --- [restartedMain] o.s.w.s.handler.SimpleUrlHandlerMapping  : Mapped URL path [/**/favicon.ico] onto handler of type [class org.springframework.web.servlet.resource.ResourceHttpRequestHandler]
2018-12-17 10:57:09.644  INFO 4608 --- [restartedMain] s.w.s.m.m.a.RequestMappingHandlerAdapter : Looking for @ControllerAdvice: org.springframework.boot.web.servlet.context.AnnotationConfigServletWebServerApplicationContext@185837f: startup date [Mon Dec 17 10:57:05 IST 2018]; root of context hierarchy
2018-12-17 10:57:09.660  WARN 4608 --- [restartedMain] aWebConfiguration$JpaWebMvcConfiguration : spring.jpa.open-in-view is enabled by default. Therefore, database queries may be performed during view rendering. Explicitly configure spring.jpa.open-in-view to disable this warning
2018-12-17 10:57:09.680  INFO 4608 --- [restartedMain] s.w.s.m.m.a.RequestMappingHandlerMapping : Mapped "{[/welcome_admin/insert],methods=[POST]}" onto public void com.alighthub.employeepayrollservice.controller.AdminController.RegisterCheck(com.alighthub.employeepayrollservice.model.AdminRegistration) throws java.lang.Exception
2018-12-17 10:57:09.681  INFO 4608 --- [restartedMain] s.w.s.m.m.a.RequestMappingHandlerMapping : Mapped "{[/welcome_admin/insertemployee],methods=[POST]}" onto public void com.alighthub.employeepayrollservice.controller.AdminController.employeeRegisterCheck(com.alighthub.employeepayrollservice.model.EmployeeRegistration) throws java.lang.Exception
2018-12-17 10:57:09.683  INFO 4608 --- [restartedMain] s.w.s.m.m.a.RequestMappingHandlerMapping : Mapped "{[/welcome_admin/postpdf/{id}],methods=[GET]}" onto public com.alighthub.employeepayrollservice.model.SalarySlipStructure com.alighthub.employeepayrollservice.controller.AdminController.employeeSalarySlip(int)
2018-12-17 10:57:09.685  INFO 4608 --- [restartedMain] s.w.s.m.m.a.RequestMappingHandlerMapping : Mapped "{[/clientonbording/getClintOnbordinData]}" onto public void com.alighthub.employeepayrollservice.controller.Client_OnbordingController.getClintOnbordinData(com.alighthub.employeepayrollservice.model.ClientOnbording)
2018-12-17 10:57:09.688  INFO 4608 --- [restartedMain] s.w.s.m.m.a.RequestMappingHandlerMapping : Mapped "{[/cwelcome/try1],methods=[GET]}" onto public java.lang.String com.alighthub.employeepayrollservice.controller.ClientController.try1()
2018-12-17 10:57:09.689  INFO 4608 --- [restartedMain] s.w.s.m.m.a.RequestMappingHandlerMapping : Mapped "{[/cwelcome/{client_id}],methods=[GET]}" onto public com.alighthub.employeepayrollservice.model.Client com.alighthub.employeepayrollservice.controller.ClientController.checkProfile(java.lang.Integer)
2018-12-17 10:57:09.691  INFO 4608 --- [restartedMain] s.w.s.m.m.a.RequestMappingHandlerMapping : Mapped "{[/cwelcome/getUsers/{client_id}],methods=[GET]}" onto public java.util.List<com.alighthub.employeepayrollservice.model.UserRegistration> com.alighthub.employeepayrollservice.controller.ClientController.getAllData(java.lang.Integer)
2018-12-17 10:57:09.696  INFO 4608 --- [restartedMain] s.w.s.m.m.a.RequestMappingHandlerMapping : Mapped "{[/employeeController/insertuserdata],methods=[POST]}" onto public boolean com.alighthub.employeepayrollservice.controller.EmployeeController.insertUserRegistrationData(com.alighthub.employeepayrollservice.model.UserRegistration)
2018-12-17 10:57:09.697  INFO 4608 --- [restartedMain] s.w.s.m.m.a.RequestMappingHandlerMapping : Mapped "{[/employeeController/sendDataforGenrateMontlySalary],methods=[POST]}" onto public void com.alighthub.employeepayrollservice.controller.EmployeeController.getDataforGenrateMontlySalary(com.alighthub.employeepayrollservice.model.MonthlySalaryGenrate)
2018-12-17 10:57:09.699  INFO 4608 --- [restartedMain] s.w.s.m.m.a.RequestMappingHandlerMapping : Mapped "{[/employeeController/getSalaryDetails],methods=[POST]}" onto public void com.alighthub.employeepayrollservice.controller.EmployeeController.getSalaryDetails(java.util.Set<java.lang.String>)
2018-12-17 10:57:09.730  INFO 4608 --- [restartedMain] s.w.s.m.m.a.RequestMappingHandlerMapping : Mapped "{[/employeeController/getEmployeeDetails/{employeeId}],methods=[GET]}" onto public com.alighthub.employeepayrollservice.model.EmployeeRegistration com.alighthub.employeepayrollservice.controller.EmployeeController.getEmployeeDetails(int)
2018-12-17 10:57:09.732  INFO 4608 --- [restartedMain] s.w.s.m.m.a.RequestMappingHandlerMapping : Mapped "{[/employeeController/getClientCompanyName],methods=[GET]}" onto public java.util.Set<java.lang.String> com.alighthub.employeepayrollservice.controller.EmployeeController.getClientCompanyNameList()
2018-12-17 10:57:09.735  INFO 4608 --- [restartedMain] s.w.s.m.m.a.RequestMappingHandlerMapping : Mapped "{[/loginController/],methods=[POST]}" onto public int com.alighthub.employeepayrollservice.controller.LoginController.LoginCheck(com.alighthub.employeepayrollservice.model.Login)
2018-12-17 10:57:09.742  INFO 4608 --- [restartedMain] s.w.s.m.m.a.RequestMappingHandlerMapping : Mapped "{[/user/userPersonalDetails/{userrid}],methods=[GET]}" onto public com.alighthub.employeepayrollservice.model.UserRegistration com.alighthub.employeepayrollservice.controller.UserController.getUserPersonalDetailsById(java.lang.Integer)
2018-12-17 10:57:09.744  INFO 4608 --- [restartedMain] s.w.s.m.m.a.RequestMappingHandlerMapping : Mapped "{[/user/userPayslip],methods=[POST]}" onto public com.alighthub.employeepayrollservice.model.MonthlySalaryGenrate com.alighthub.employeepayrollservice.controller.UserController.payslipdata(com.alighthub.employeepayrollservice.model.MonthlySalaryGenrate)
2018-12-17 10:57:09.747  INFO 4608 --- [restartedMain] s.w.s.m.m.a.RequestMappingHandlerMapping : Mapped "{[/user/confirmPassword/{oldPassword}],methods=[GET]}" onto public boolean com.alighthub.employeepayrollservice.controller.UserController.confirmPassword(java.lang.String)
2018-12-17 10:57:09.750  INFO 4608 --- [restartedMain] s.w.s.m.m.a.RequestMappingHandlerMapping : Mapped "{[/user/changepass],methods=[POST]}" onto public int com.alighthub.employeepayrollservice.controller.UserController.changepass(com.alighthub.employeepayrollservice.model.Login)
2018-12-17 10:57:09.763  INFO 4608 --- [restartedMain] s.w.s.m.m.a.RequestMappingHandlerMapping : Mapped "{[/error]}" onto public org.springframework.http.ResponseEntity<java.util.Map<java.lang.String, java.lang.Object>> org.springframework.boot.autoconfigure.web.servlet.error.BasicErrorController.error(javax.servlet.http.HttpServletRequest)
2018-12-17 10:57:09.766  INFO 4608 --- [restartedMain] s.w.s.m.m.a.RequestMappingHandlerMapping : Mapped "{[/error],produces=[text/html]}" onto public org.springframework.web.servlet.ModelAndView org.springframework.boot.autoconfigure.web.servlet.error.BasicErrorController.errorHtml(javax.servlet.http.HttpServletRequest,javax.servlet.http.HttpServletResponse)
2018-12-17 10:57:09.811  INFO 4608 --- [restartedMain] o.s.w.s.handler.SimpleUrlHandlerMapping  : Mapped URL path [/webjars/**] onto handler of type [class org.springframework.web.servlet.resource.ResourceHttpRequestHandler]
2018-12-17 10:57:09.812  INFO 4608 --- [restartedMain] o.s.w.s.handler.SimpleUrlHandlerMapping  : Mapped URL path [/**] onto handler of type [class org.springframework.web.servlet.resource.ResourceHttpRequestHandler]
2018-12-17 10:57:09.994  WARN 4608 --- [restartedMain] o.s.b.a.f.FreeMarkerAutoConfiguration    : Cannot find template location(s): [classpath:/templates/] (please add some templates, check your FreeMarker configuration, or set spring.freemarker.checkTemplateLocation=false)
2018-12-17 10:57:10.083  INFO 4608 --- [restartedMain] o.s.b.d.a.OptionalLiveReloadServer       : LiveReload server is running on port 35729
2018-12-17 10:57:10.157  INFO 4608 --- [restartedMain] o.s.j.e.a.AnnotationMBeanExporter        : Registering beans for JMX exposure on startup
2018-12-17 10:57:10.186  INFO 4608 --- [restartedMain] o.s.b.w.embedded.tomcat.TomcatWebServer  : Tomcat started on port(s): 2018 (http) with context path ''
2018-12-17 10:57:10.188  INFO 4608 --- [restartedMain] c.a.e.EmployeePayrollServiceApplication  : Started EmployeePayrollServiceApplication in 4.537 seconds (JVM running for 1218.268)
2018-12-17 10:57:10.193  INFO 4608 --- [restartedMain] .ConditionEvaluationDeltaLoggingListener : Condition evaluation unchanged
2018-12-17 10:57:10.194  INFO 4608 --- [restartedMain] c.a.e.EmployeePayrollServiceApplication  : This is Info Msg
2018-12-17 10:57:10.195 ERROR 4608 --- [restartedMain] c.a.e.EmployeePayrollServiceApplication  : This is Error Msg
2018-12-17 10:57:10.195 ERROR 4608 --- [restartedMain] c.a.e.EmployeePayrollServiceApplication  : This is Fatal Msg
2018-12-17 10:57:10.196  WARN 4608 --- [restartedMain] c.a.e.EmployeePayrollServiceApplication  : This is Warnning Msg
2018-12-17 10:57:23.677  INFO 4608 --- [Thread-28] ConfigServletWebServerApplicationContext : Closing org.springframework.boot.web.servlet.context.AnnotationConfigServletWebServerApplicationContext@185837f: startup date [Mon Dec 17 10:57:05 IST 2018]; root of context hierarchy
2018-12-17 10:57:23.682  INFO 4608 --- [Thread-28] o.s.j.e.a.AnnotationMBeanExporter        : Unregistering JMX-exposed beans on shutdown
2018-12-17 10:57:24.338  INFO 4608 --- [restartedMain] c.a.e.EmployeePayrollServiceApplication  : Starting EmployeePayrollServiceApplication on MCS-PC with PID 4608 (started by MCS in E:\JAVA\workplaces\STS Project Workspace\employee-module)
2018-12-17 10:57:24.339  INFO 4608 --- [restartedMain] c.a.e.EmployeePayrollServiceApplication  : No active profile set, falling back to default profiles: default
2018-12-17 10:57:24.344  INFO 4608 --- [restartedMain] ConfigServletWebServerApplicationContext : Refreshing org.springframework.boot.web.servlet.context.AnnotationConfigServletWebServerApplicationContext@eeb465: startup date [Mon Dec 17 10:57:24 IST 2018]; root of context hierarchy
2018-12-17 10:57:26.778  INFO 4608 --- [restartedMain] o.s.b.w.embedded.tomcat.TomcatWebServer  : Tomcat initialized with port(s): 2018 (http)
2018-12-17 10:57:26.780  INFO 4608 --- [restartedMain] o.apache.catalina.core.StandardService   : Starting service [Tomcat]
2018-12-17 10:57:26.781  INFO 4608 --- [restartedMain] org.apache.catalina.core.StandardEngine  : Starting Servlet Engine: Apache Tomcat/8.5.34
2018-12-17 10:57:26.811  INFO 4608 --- [localhost-startStop-1] o.a.c.c.C.[Tomcat].[localhost].[/]       : Initializing Spring embedded WebApplicationContext
2018-12-17 10:57:26.813  INFO 4608 --- [localhost-startStop-1] o.s.web.context.ContextLoader            : Root WebApplicationContext: initialization completed in 2469 ms
2018-12-17 10:57:26.842  INFO 4608 --- [localhost-startStop-1] o.s.b.w.servlet.ServletRegistrationBean  : Servlet dispatcherServlet mapped to [/]
2018-12-17 10:57:26.843  INFO 4608 --- [localhost-startStop-1] o.s.b.w.servlet.FilterRegistrationBean   : Mapping filter: 'characterEncodingFilter' to: [/*]
2018-12-17 10:57:26.843  INFO 4608 --- [localhost-startStop-1] o.s.b.w.servlet.FilterRegistrationBean   : Mapping filter: 'hiddenHttpMethodFilter' to: [/*]
2018-12-17 10:57:26.844  INFO 4608 --- [localhost-startStop-1] o.s.b.w.servlet.FilterRegistrationBean   : Mapping filter: 'httpPutFormContentFilter' to: [/*]
2018-12-17 10:57:26.844  INFO 4608 --- [localhost-startStop-1] o.s.b.w.servlet.FilterRegistrationBean   : Mapping filter: 'requestContextFilter' to: [/*]
2018-12-17 10:57:26.913  INFO 4608 --- [restartedMain] o.s.j.d.DriverManagerDataSource          : Loaded JDBC driver: com.mysql.jdbc.Driver
2018-12-17 10:57:27.698  INFO 4608 --- [restartedMain] o.s.ui.freemarker.SpringTemplateLoader   : SpringTemplateLoader for FreeMarker: using resource loader [org.springframework.boot.web.servlet.context.AnnotationConfigServletWebServerApplicationContext@eeb465: startup date [Mon Dec 17 10:57:24 IST 2018]; root of context hierarchy] and template loader path [classpath:/templates/]
2018-12-17 10:57:27.699  INFO 4608 --- [restartedMain] o.s.w.s.v.f.FreeMarkerConfigurer         : ClassTemplateLoader for Spring macros added to FreeMarker configuration
2018-12-17 10:57:27.997  INFO 4608 --- [restartedMain] o.s.w.s.handler.SimpleUrlHandlerMapping  : Mapped URL path [/**/favicon.ico] onto handler of type [class org.springframework.web.servlet.resource.ResourceHttpRequestHandler]
2018-12-17 10:57:28.123  INFO 4608 --- [restartedMain] s.w.s.m.m.a.RequestMappingHandlerAdapter : Looking for @ControllerAdvice: org.springframework.boot.web.servlet.context.AnnotationConfigServletWebServerApplicationContext@eeb465: startup date [Mon Dec 17 10:57:24 IST 2018]; root of context hierarchy
2018-12-17 10:57:28.138  WARN 4608 --- [restartedMain] aWebConfiguration$JpaWebMvcConfiguration : spring.jpa.open-in-view is enabled by default. Therefore, database queries may be performed during view rendering. Explicitly configure spring.jpa.open-in-view to disable this warning
2018-12-17 10:57:28.151  INFO 4608 --- [restartedMain] s.w.s.m.m.a.RequestMappingHandlerMapping : Mapped "{[/welcome_admin/insert],methods=[POST]}" onto public void com.alighthub.employeepayrollservice.controller.AdminController.RegisterCheck(com.alighthub.employeepayrollservice.model.AdminRegistration) throws java.lang.Exception
2018-12-17 10:57:28.152  INFO 4608 --- [restartedMain] s.w.s.m.m.a.RequestMappingHandlerMapping : Mapped "{[/welcome_admin/insertemployee],methods=[POST]}" onto public void com.alighthub.employeepayrollservice.controller.AdminController.employeeRegisterCheck(com.alighthub.employeepayrollservice.model.EmployeeRegistration) throws java.lang.Exception
2018-12-17 10:57:28.153  INFO 4608 --- [restartedMain] s.w.s.m.m.a.RequestMappingHandlerMapping : Mapped "{[/welcome_admin/postpdf/{id}],methods=[GET]}" onto public com.alighthub.employeepayrollservice.model.SalarySlipStructure com.alighthub.employeepayrollservice.controller.AdminController.employeeSalarySlip(int)
2018-12-17 10:57:28.154  INFO 4608 --- [restartedMain] s.w.s.m.m.a.RequestMappingHandlerMapping : Mapped "{[/clientonbording/getClintOnbordinData]}" onto public void com.alighthub.employeepayrollservice.controller.Client_OnbordingController.getClintOnbordinData(com.alighthub.employeepayrollservice.model.ClientOnbording)
2018-12-17 10:57:28.157  INFO 4608 --- [restartedMain] s.w.s.m.m.a.RequestMappingHandlerMapping : Mapped "{[/cwelcome/try1],methods=[GET]}" onto public java.lang.String com.alighthub.employeepayrollservice.controller.ClientController.try1()
2018-12-17 10:57:28.158  INFO 4608 --- [restartedMain] s.w.s.m.m.a.RequestMappingHandlerMapping : Mapped "{[/cwelcome/{client_id}],methods=[GET]}" onto public com.alighthub.employeepayrollservice.model.Client com.alighthub.employeepayrollservice.controller.ClientController.checkProfile(java.lang.Integer)
2018-12-17 10:57:28.159  INFO 4608 --- [restartedMain] s.w.s.m.m.a.RequestMappingHandlerMapping : Mapped "{[/cwelcome/getUsers/{client_id}],methods=[GET]}" onto public java.util.List<com.alighthub.employeepayrollservice.model.UserRegistration> com.alighthub.employeepayrollservice.controller.ClientController.getAllData(java.lang.Integer)
2018-12-17 10:57:28.163  INFO 4608 --- [restartedMain] s.w.s.m.m.a.RequestMappingHandlerMapping : Mapped "{[/employeeController/insertuserdata],methods=[POST]}" onto public boolean com.alighthub.employeepayrollservice.controller.EmployeeController.insertUserRegistrationData(com.alighthub.employeepayrollservice.model.UserRegistration)
2018-12-17 10:57:28.165  INFO 4608 --- [restartedMain] s.w.s.m.m.a.RequestMappingHandlerMapping : Mapped "{[/employeeController/sendDataforGenrateMontlySalary],methods=[POST]}" onto public void com.alighthub.employeepayrollservice.controller.EmployeeController.getDataforGenrateMontlySalary(com.alighthub.employeepayrollservice.model.MonthlySalaryGenrate)
2018-12-17 10:57:28.166  INFO 4608 --- [restartedMain] s.w.s.m.m.a.RequestMappingHandlerMapping : Mapped "{[/employeeController/getSalaryDetails],methods=[POST]}" onto public void com.alighthub.employeepayrollservice.controller.EmployeeController.getSalaryDetails(java.util.Set<java.lang.String>)
2018-12-17 10:57:28.167  INFO 4608 --- [restartedMain] s.w.s.m.m.a.RequestMappingHandlerMapping : Mapped "{[/employeeController/getEmployeeDetails/{employeeId}],methods=[GET]}" onto public com.alighthub.employeepayrollservice.model.EmployeeRegistration com.alighthub.employeepayrollservice.controller.EmployeeController.getEmployeeDetails(int)
2018-12-17 10:57:28.168  INFO 4608 --- [restartedMain] s.w.s.m.m.a.RequestMappingHandlerMapping : Mapped "{[/employeeController/getClientCompanyName],methods=[GET]}" onto public java.util.Set<java.lang.String> com.alighthub.employeepayrollservice.controller.EmployeeController.getClientCompanyNameList()
2018-12-17 10:57:28.169  INFO 4608 --- [restartedMain] s.w.s.m.m.a.RequestMappingHandlerMapping : Mapped "{[/loginController/],methods=[POST]}" onto public int com.alighthub.employeepayrollservice.controller.LoginController.LoginCheck(com.alighthub.employeepayrollservice.model.Login)
2018-12-17 10:57:28.177  INFO 4608 --- [restartedMain] s.w.s.m.m.a.RequestMappingHandlerMapping : Mapped "{[/user/userPersonalDetails/{userrid}],methods=[GET]}" onto public com.alighthub.employeepayrollservice.model.UserRegistration com.alighthub.employeepayrollservice.controller.UserController.getUserPersonalDetailsById(java.lang.Integer)
2018-12-17 10:57:28.178  INFO 4608 --- [restartedMain] s.w.s.m.m.a.RequestMappingHandlerMapping : Mapped "{[/user/userPayslip],methods=[POST]}" onto public com.alighthub.employeepayrollservice.model.MonthlySalaryGenrate com.alighthub.employeepayrollservice.controller.UserController.payslipdata(com.alighthub.employeepayrollservice.model.MonthlySalaryGenrate)
2018-12-17 10:57:28.179  INFO 4608 --- [restartedMain] s.w.s.m.m.a.RequestMappingHandlerMapping : Mapped "{[/user/confirmPassword/{oldPassword}],methods=[GET]}" onto public boolean com.alighthub.employeepayrollservice.controller.UserController.confirmPassword(java.lang.String)
2018-12-17 10:57:28.180  INFO 4608 --- [restartedMain] s.w.s.m.m.a.RequestMappingHandlerMapping : Mapped "{[/user/changepass],methods=[POST]}" onto public int com.alighthub.employeepayrollservice.controller.UserController.changepass(com.alighthub.employeepayrollservice.model.Login)
2018-12-17 10:57:28.185  INFO 4608 --- [restartedMain] s.w.s.m.m.a.RequestMappingHandlerMapping : Mapped "{[/error]}" onto public org.springframework.http.ResponseEntity<java.util.Map<java.lang.String, java.lang.Object>> org.springframework.boot.autoconfigure.web.servlet.error.BasicErrorController.error(javax.servlet.http.HttpServletRequest)
2018-12-17 10:57:28.186  INFO 4608 --- [restartedMain] s.w.s.m.m.a.RequestMappingHandlerMapping : Mapped "{[/error],produces=[text/html]}" onto public org.springframework.web.servlet.ModelAndView org.springframework.boot.autoconfigure.web.servlet.error.BasicErrorController.errorHtml(javax.servlet.http.HttpServletRequest,javax.servlet.http.HttpServletResponse)
2018-12-17 10:57:28.211  INFO 4608 --- [restartedMain] o.s.w.s.handler.SimpleUrlHandlerMapping  : Mapped URL path [/webjars/**] onto handler of type [class org.springframework.web.servlet.resource.ResourceHttpRequestHandler]
2018-12-17 10:57:28.212  INFO 4608 --- [restartedMain] o.s.w.s.handler.SimpleUrlHandlerMapping  : Mapped URL path [/**] onto handler of type [class org.springframework.web.servlet.resource.ResourceHttpRequestHandler]
2018-12-17 10:57:28.340  WARN 4608 --- [restartedMain] o.s.b.a.f.FreeMarkerAutoConfiguration    : Cannot find template location(s): [classpath:/templates/] (please add some templates, check your FreeMarker configuration, or set spring.freemarker.checkTemplateLocation=false)
2018-12-17 10:57:28.412  INFO 4608 --- [restartedMain] o.s.b.d.a.OptionalLiveReloadServer       : LiveReload server is running on port 35729
2018-12-17 10:57:28.474  INFO 4608 --- [restartedMain] o.s.j.e.a.AnnotationMBeanExporter        : Registering beans for JMX exposure on startup
2018-12-17 10:57:28.510  INFO 4608 --- [restartedMain] o.s.b.w.embedded.tomcat.TomcatWebServer  : Tomcat started on port(s): 2018 (http) with context path ''
2018-12-17 10:57:28.513  INFO 4608 --- [restartedMain] c.a.e.EmployeePayrollServiceApplication  : Started EmployeePayrollServiceApplication in 4.237 seconds (JVM running for 1236.593)
2018-12-17 10:57:28.519  INFO 4608 --- [restartedMain] .ConditionEvaluationDeltaLoggingListener : Condition evaluation unchanged
2018-12-17 10:57:28.519  INFO 4608 --- [restartedMain] c.a.e.EmployeePayrollServiceApplication  : This is Info Msg
2018-12-17 10:57:28.520 ERROR 4608 --- [restartedMain] c.a.e.EmployeePayrollServiceApplication  : This is Error Msg
2018-12-17 10:57:28.520 ERROR 4608 --- [restartedMain] c.a.e.EmployeePayrollServiceApplication  : This is Fatal Msg
2018-12-17 10:57:28.520  WARN 4608 --- [restartedMain] c.a.e.EmployeePayrollServiceApplication  : This is Warnning Msg
2018-12-17 17:28:34.044  INFO 4608 --- [RMI TCP Connection(3)-127.0.0.1] inMXBeanRegistrar$SpringApplicationAdmin : Application shutdown requested.
2018-12-17 17:28:34.044  INFO 4608 --- [RMI TCP Connection(4)-127.0.0.1] inMXBeanRegistrar$SpringApplicationAdmin : Application shutdown requested.
2018-12-17 17:28:34.429  INFO 4608 --- [RMI TCP Connection(4)-127.0.0.1] ConfigServletWebServerApplicationContext : Closing org.springframework.boot.web.servlet.context.AnnotationConfigServletWebServerApplicationContext@eeb465: startup date [Mon Dec 17 10:57:24 IST 2018]; root of context hierarchy
2018-12-17 17:28:35.536  INFO 4608 --- [RMI TCP Connection(4)-127.0.0.1] o.s.j.e.a.AnnotationMBeanExporter        : Unregistering JMX-exposed beans on shutdown
